<?xml version="1.0" encoding="UTF-8"?>
<!-- Generated by org.testng.reporters.JUnitReportReporter -->
<testsuite hostname="workstation" failures="0" tests="3" name="selenium.loginTest" time="3.388" errors="0" timestamp="2024-06-11T17:58:16 ALMT" skipped="0">
  <testcase classname="selenium.loginTest" name="signIn" time="0.858"/>
  <system-out/>
  <testcase classname="selenium.loginTest" name="successfulLoginVerification" time="0.027"/>
  <system-out/>
  <testcase classname="selenium.loginTest" name="userSignOut" time="2.503"/>
  <system-out/>
</testsuite> <!-- selenium.loginTest -->
